{"/Users/sylvainsaravanane/Documents/test_from_scratch/packages/node/__tests__/fixtures.ts": {"path":"/Users/sylvainsaravanane/Documents/test_from_scratch/packages/node/__tests__/fixtures.ts","statementMap":{"0":{"start":{"line":3,"column":13},"end":{"line":3,"column":52}},"1":{"start":{"line":4,"column":13},"end":{"line":4,"column":48}},"2":{"start":{"line":7,"column":13},"end":{"line":7,"column":49}}},"fnMap":{},"branchMap":{},"s":{"0":1,"1":1,"2":1},"f":{},"b":{}}
,"/Users/sylvainsaravanane/Documents/test_from_scratch/packages/node/src/externalAPI.ts": {"path":"/Users/sylvainsaravanane/Documents/test_from_scratch/packages/node/src/externalAPI.ts","statementMap":{"0":{"start":{"line":3,"column":0},"end":{"line":3,"column":7}},"1":{"start":{"line":6,"column":4},"end":{"line":6,"column":48}}},"fnMap":{"0":{"name":"fetchUserData","decl":{"start":{"line":3,"column":22},"end":{"line":3,"column":35}},"loc":{"start":{"line":3,"column":46},"end":{"line":7,"column":1}}}},"branchMap":{},"s":{"0":1,"1":0},"f":{"0":0},"b":{}}
,"/Users/sylvainsaravanane/Documents/test_from_scratch/packages/node/src/server.ts": {"path":"/Users/sylvainsaravanane/Documents/test_from_scratch/packages/node/src/server.ts","statementMap":{"0":{"start":{"line":1,"column":0},"end":{"line":1,"column":30}},"1":{"start":{"line":2,"column":0},"end":{"line":2,"column":33}},"2":{"start":{"line":4,"column":13},"end":{"line":4,"column":29}},"3":{"start":{"line":5,"column":0},"end":{"line":5,"column":24}},"4":{"start":{"line":6,"column":0},"end":{"line":6,"column":30}},"5":{"start":{"line":9,"column":27},"end":{"line":13,"column":3}},"6":{"start":{"line":10,"column":4},"end":{"line":12,"column":7}},"7":{"start":{"line":11,"column":6},"end":{"line":11,"column":55}},"8":{"start":{"line":9,"column":13},"end":{"line":9,"column":27}},"9":{"start":{"line":16,"column":2},"end":{"line":18,"column":3}},"10":{"start":{"line":17,"column":4},"end":{"line":17,"column":18}}},"fnMap":{"0":{"name":"(anonymous_1)","decl":{"start":{"line":9,"column":27},"end":{"line":9,"column":28}},"loc":{"start":{"line":9,"column":43},"end":{"line":13,"column":3}}},"1":{"name":"(anonymous_2)","decl":{"start":{"line":10,"column":28},"end":{"line":10,"column":31}},"loc":{"start":{"line":10,"column":33},"end":{"line":12,"column":5}}}},"branchMap":{"0":{"loc":{"start":{"line":9,"column":28},"end":{"line":9,"column":39}},"type":"default-arg","locations":[{"start":{"line":9,"column":35},"end":{"line":9,"column":39}}]},"1":{"loc":{"start":{"line":16,"column":2},"end":{"line":18,"column":3}},"type":"if","locations":[{"start":{"line":16,"column":2},"end":{"line":18,"column":3}}]}},"s":{"0":2,"1":2,"2":2,"3":2,"4":2,"5":2,"6":0,"7":0,"8":2,"9":2,"10":0},"f":{"0":0,"1":0},"b":{"0":[0],"1":[0]}}
,"/Users/sylvainsaravanane/Documents/test_from_scratch/packages/node/src/userStore.ts": {"path":"/Users/sylvainsaravanane/Documents/test_from_scratch/packages/node/src/userStore.ts","statementMap":{"0":{"start":{"line":10,"column":0},"end":{"line":10,"column":16}},"1":{"start":{"line":16,"column":0},"end":{"line":16,"column":16}},"2":{"start":{"line":26,"column":0},"end":{"line":26,"column":16}},"3":{"start":{"line":31,"column":0},"end":{"line":31,"column":16}},"4":{"start":{"line":35,"column":0},"end":{"line":35,"column":16}},"5":{"start":{"line":5,"column":20},"end":{"line":5,"column":22}},"6":{"start":{"line":6,"column":13},"end":{"line":6,"column":14}},"7":{"start":{"line":11,"column":4},"end":{"line":11,"column":17}},"8":{"start":{"line":17,"column":17},"end":{"line":17,"column":39}},"9":{"start":{"line":18,"column":4},"end":{"line":18,"column":21}},"10":{"start":{"line":19,"column":4},"end":{"line":19,"column":16}},"11":{"start":{"line":27,"column":4},"end":{"line":27,"column":15}},"12":{"start":{"line":28,"column":4},"end":{"line":28,"column":15}},"13":{"start":{"line":32,"column":4},"end":{"line":32,"column":40}},"14":{"start":{"line":32,"column":27},"end":{"line":32,"column":38}},"15":{"start":{"line":36,"column":17},"end":{"line":36,"column":32}},"16":{"start":{"line":37,"column":4},"end":{"line":39,"column":5}},"17":{"start":{"line":38,"column":8},"end":{"line":38,"column":25}},"18":{"start":{"line":40,"column":4},"end":{"line":40,"column":16}}},"fnMap":{"0":{"name":"getUsers","decl":{"start":{"line":10,"column":16},"end":{"line":10,"column":24}},"loc":{"start":{"line":10,"column":24},"end":{"line":12,"column":1}}},"1":{"name":"createUser","decl":{"start":{"line":16,"column":16},"end":{"line":16,"column":26}},"loc":{"start":{"line":16,"column":39},"end":{"line":20,"column":1}}},"2":{"name":"resetStore","decl":{"start":{"line":26,"column":16},"end":{"line":26,"column":26}},"loc":{"start":{"line":26,"column":26},"end":{"line":29,"column":1}}},"3":{"name":"getUserById","decl":{"start":{"line":31,"column":16},"end":{"line":31,"column":27}},"loc":{"start":{"line":31,"column":38},"end":{"line":33,"column":1}}},"4":{"name":"(anonymous_4)","decl":{"start":{"line":32,"column":22},"end":{"line":32,"column":23}},"loc":{"start":{"line":32,"column":27},"end":{"line":32,"column":38}}},"5":{"name":"updateUserName","decl":{"start":{"line":35,"column":16},"end":{"line":35,"column":30}},"loc":{"start":{"line":35,"column":55},"end":{"line":41,"column":1}}}},"branchMap":{"0":{"loc":{"start":{"line":37,"column":4},"end":{"line":39,"column":5}},"type":"if","locations":[{"start":{"line":37,"column":4},"end":{"line":39,"column":5}}]}},"s":{"0":2,"1":2,"2":2,"3":2,"4":2,"5":2,"6":2,"7":2,"8":14,"9":14,"10":14,"11":10,"12":10,"13":5,"14":9,"15":2,"16":2,"17":1,"18":2},"f":{"0":2,"1":14,"2":10,"3":5,"4":9,"5":2},"b":{"0":[1]}}
,"/Users/sylvainsaravanane/Documents/test_from_scratch/packages/node/src/users.ts": {"path":"/Users/sylvainsaravanane/Documents/test_from_scratch/packages/node/src/users.ts","statementMap":{"0":{"start":{"line":1,"column":0},"end":{"line":1,"column":33}},"1":{"start":{"line":2,"column":0},"end":{"line":2,"column":80}},"2":{"start":{"line":4,"column":15},"end":{"line":4,"column":23}},"3":{"start":{"line":9,"column":0},"end":{"line":11,"column":3}},"4":{"start":{"line":10,"column":4},"end":{"line":10,"column":37}},"5":{"start":{"line":17,"column":0},"end":{"line":25,"column":2}},"6":{"start":{"line":18,"column":21},"end":{"line":18,"column":29}},"7":{"start":{"line":19,"column":4},"end":{"line":21,"column":5}},"8":{"start":{"line":20,"column":8},"end":{"line":20,"column":67}},"9":{"start":{"line":22,"column":17},"end":{"line":22,"column":33}},"10":{"start":{"line":23,"column":4},"end":{"line":23,"column":31}},"11":{"start":{"line":28,"column":0},"end":{"line":33,"column":6}},"12":{"start":{"line":29,"column":15},"end":{"line":29,"column":36}},"13":{"start":{"line":30,"column":17},"end":{"line":30,"column":32}},"14":{"start":{"line":31,"column":4},"end":{"line":31,"column":72}},"15":{"start":{"line":31,"column":15},"end":{"line":31,"column":72}},"16":{"start":{"line":32,"column":4},"end":{"line":32,"column":19}},"17":{"start":{"line":36,"column":3},"end":{"line":43,"column":6}},"18":{"start":{"line":37,"column":15},"end":{"line":37,"column":36}},"19":{"start":{"line":38,"column":21},"end":{"line":38,"column":29}},"20":{"start":{"line":39,"column":4},"end":{"line":39,"column":74}},"21":{"start":{"line":39,"column":15},"end":{"line":39,"column":74}},"22":{"start":{"line":40,"column":20},"end":{"line":40,"column":44}},"23":{"start":{"line":41,"column":4},"end":{"line":41,"column":75}},"24":{"start":{"line":41,"column":18},"end":{"line":41,"column":75}},"25":{"start":{"line":42,"column":4},"end":{"line":42,"column":22}},"26":{"start":{"line":45,"column":0},"end":{"line":45,"column":22}}},"fnMap":{"0":{"name":"(anonymous_0)","decl":{"start":{"line":9,"column":16},"end":{"line":9,"column":17}},"loc":{"start":{"line":9,"column":30},"end":{"line":11,"column":1}}},"1":{"name":"(anonymous_1)","decl":{"start":{"line":17,"column":17},"end":{"line":17,"column":18}},"loc":{"start":{"line":17,"column":42},"end":{"line":24,"column":1}}},"2":{"name":"(anonymous_2)","decl":{"start":{"line":28,"column":19},"end":{"line":28,"column":20}},"loc":{"start":{"line":28,"column":44},"end":{"line":33,"column":4}}},"3":{"name":"(anonymous_3)","decl":{"start":{"line":36,"column":22},"end":{"line":36,"column":23}},"loc":{"start":{"line":36,"column":47},"end":{"line":43,"column":4}}}},"branchMap":{"0":{"loc":{"start":{"line":19,"column":4},"end":{"line":21,"column":5}},"type":"if","locations":[{"start":{"line":19,"column":4},"end":{"line":21,"column":5}}]},"1":{"loc":{"start":{"line":31,"column":4},"end":{"line":31,"column":72}},"type":"if","locations":[{"start":{"line":31,"column":4},"end":{"line":31,"column":72}}]},"2":{"loc":{"start":{"line":39,"column":4},"end":{"line":39,"column":74}},"type":"if","locations":[{"start":{"line":39,"column":4},"end":{"line":39,"column":74}}]},"3":{"loc":{"start":{"line":41,"column":4},"end":{"line":41,"column":75}},"type":"if","locations":[{"start":{"line":41,"column":4},"end":{"line":41,"column":75}}]}},"s":{"0":2,"1":2,"2":2,"3":2,"4":2,"5":2,"6":3,"7":3,"8":1,"9":2,"10":2,"11":2,"12":3,"13":3,"14":3,"15":1,"16":2,"17":2,"18":3,"19":3,"20":3,"21":1,"22":2,"23":2,"24":1,"25":1,"26":2},"f":{"0":2,"1":3,"2":3,"3":3},"b":{"0":[1],"1":[1],"2":[1],"3":[1]}}
}
