TN:
SF:__tests__/fixtures.ts
FNF:0
FNH:0
DA:3,1
DA:4,1
DA:7,1
LF:3
LH:3
BRF:0
BRH:0
end_of_record
TN:
SF:src/externalAPI.ts
FN:3,fetchUserData
FNF:1
FNH:0
FNDA:0,fetchUserData
DA:3,1
DA:6,0
LF:2
LH:1
BRF:0
BRH:0
end_of_record
TN:
SF:src/server.ts
FN:9,(anonymous_1)
FN:10,(anonymous_2)
FNF:2
FNH:0
FNDA:0,(anonymous_1)
FNDA:0,(anonymous_2)
DA:1,2
DA:2,2
DA:4,2
DA:5,2
DA:6,2
DA:9,2
DA:10,0
DA:11,0
DA:16,2
DA:17,0
LF:10
LH:7
BRDA:9,0,0,0
BRDA:16,1,0,0
BRF:2
BRH:0
end_of_record
TN:
SF:src/userStore.ts
FN:10,getUsers
FN:16,createUser
FN:26,resetStore
FN:31,getUserById
FN:32,(anonymous_4)
FN:35,updateUserName
FNF:6
FNH:6
FNDA:2,getUsers
FNDA:14,createUser
FNDA:10,resetStore
FNDA:5,getUserById
FNDA:9,(anonymous_4)
FNDA:2,updateUserName
DA:5,2
DA:6,2
DA:10,2
DA:11,2
DA:16,2
DA:17,14
DA:18,14
DA:19,14
DA:26,2
DA:27,10
DA:28,10
DA:31,2
DA:32,9
DA:35,2
DA:36,2
DA:37,2
DA:38,1
DA:40,2
LF:18
LH:18
BRDA:37,0,0,1
BRF:1
BRH:1
end_of_record
TN:
SF:src/users.ts
FN:9,(anonymous_0)
FN:17,(anonymous_1)
FN:28,(anonymous_2)
FN:36,(anonymous_3)
FNF:4
FNH:4
FNDA:2,(anonymous_0)
FNDA:3,(anonymous_1)
FNDA:3,(anonymous_2)
FNDA:3,(anonymous_3)
DA:1,2
DA:2,2
DA:4,2
DA:9,2
DA:10,2
DA:17,2
DA:18,3
DA:19,3
DA:20,1
DA:22,2
DA:23,2
DA:28,2
DA:29,3
DA:30,3
DA:31,3
DA:32,2
DA:36,2
DA:37,3
DA:38,3
DA:39,3
DA:40,2
DA:41,2
DA:42,1
DA:45,2
LF:24
LH:24
BRDA:19,0,0,1
BRDA:31,1,0,1
BRDA:39,2,0,1
BRDA:41,3,0,1
BRF:4
BRH:4
end_of_record
