TN:
SF:src/server.ts
FN:11,(anonymous_1)
FNF:1
FNH:0
FNDA:0,(anonymous_1)
DA:1,1
DA:2,1
DA:4,1
DA:5,1
DA:6,1
DA:9,1
DA:10,0
DA:11,0
DA:12,0
LF:9
LH:6
BRDA:9,0,0,0
BRF:1
BRH:0
end_of_record
TN:
SF:src/userStore.ts
FN:10,getUsers
FN:16,createUser
FN:26,resetStore
FNF:3
FNH:3
FNDA:2,getUsers
FNDA:2,createUser
FNDA:4,resetStore
DA:5,1
DA:6,1
DA:10,1
DA:11,2
DA:16,1
DA:17,2
DA:18,2
DA:19,2
DA:26,1
DA:27,4
DA:28,4
LF:11
LH:11
BRF:0
BRH:0
end_of_record
TN:
SF:src/users.ts
FN:8,(anonymous_0)
FN:16,(anonymous_1)
FNF:2
FNH:2
FNDA:2,(anonymous_0)
FNDA:3,(anonymous_1)
DA:1,1
DA:2,1
DA:3,1
DA:8,1
DA:9,2
DA:16,1
DA:17,3
DA:18,3
DA:19,1
DA:21,2
DA:22,2
DA:26,1
LF:12
LH:12
BRDA:18,0,0,1
BRF:1
BRH:1
end_of_record
